<?xml version="1.0" encoding="UTF-8"?>
<testng-results ignored="0" total="3" passed="3" failed="0" skipped="0">
  <reporter-output>
  </reporter-output>
  <suite started-at="2021-08-23T16:32:09Z" name="Suite" finished-at="2021-08-23T16:32:21Z" duration-ms="12579">
    <groups>
    </groups>
    <test started-at="2021-08-23T16:32:09Z" name="Test" finished-at="2021-08-23T16:32:13Z" duration-ms="4936">
      <class name="Group1.Artifact1.Validation">
        <test-method is-config="true" signature="initialise()[pri:0, instance:Group1.Artifact1.Validation@672f11c2]" started-at="2021-08-23T16:32:09Z" name="initialise" finished-at="2021-08-23T16:32:11Z" duration-ms="2024" status="PASS">
          <reporter-output>
          </reporter-output>
        </test-method> <!-- initialise -->
        <test-method signature="Trial2()[pri:0, instance:Group1.Artifact1.Validation@672f11c2]" started-at="2021-08-23T16:32:11Z" name="Trial2" finished-at="2021-08-23T16:32:13Z" duration-ms="2092" status="PASS">
          <reporter-output>
          </reporter-output>
        </test-method> <!-- Trial2 -->
        <test-method is-config="true" signature="terminate()[pri:0, instance:Group1.Artifact1.Validation@672f11c2]" started-at="2021-08-23T16:32:13Z" name="terminate" finished-at="2021-08-23T16:32:13Z" duration-ms="803" status="PASS">
          <reporter-output>
          </reporter-output>
        </test-method> <!-- terminate -->
      </class> <!-- Group1.Artifact1.Validation -->
    </test> <!-- Test -->
    <test started-at="2021-08-23T16:32:13Z" name="Test1" finished-at="2021-08-23T16:32:21Z" duration-ms="7614">
      <class name="Group1.Artifact1.HomePage">
        <test-method is-config="true" signature="initialise()[pri:0, instance:Group1.Artifact1.HomePage@57f791c6]" started-at="2021-08-23T16:32:13Z" name="initialise" finished-at="2021-08-23T16:32:15Z" duration-ms="1560" status="PASS">
          <reporter-output>
          </reporter-output>
        </test-method> <!-- initialise -->
        <test-method signature="Trial1(java.lang.String, java.lang.String, java.lang.String)[pri:0, instance:Group1.Artifact1.HomePage@57f791c6]" started-at="2021-08-23T16:32:15Z" name="Trial1" data-provider="getData" finished-at="2021-08-23T16:32:19Z" duration-ms="3477" status="PASS">
          <params>
            <param index="0">
              <value>
                <![CDATA[email1@qw.com]]>
              </value>
            </param>
            <param index="1">
              <value>
                <![CDATA[password1]]>
              </value>
            </param>
            <param index="2">
              <value>
                <![CDATA[Restricted User]]>
              </value>
            </param>
          </params>
          <reporter-output>
          </reporter-output>
        </test-method> <!-- Trial1 -->
        <test-method signature="Trial1(java.lang.String, java.lang.String, java.lang.String)[pri:0, instance:Group1.Artifact1.HomePage@57f791c6]" started-at="2021-08-23T16:32:19Z" name="Trial1" data-provider="getData" finished-at="2021-08-23T16:32:20Z" duration-ms="1842" status="PASS">
          <params>
            <param index="0">
              <value>
                <![CDATA[email2@qww.com]]>
              </value>
            </param>
            <param index="1">
              <value>
                <![CDATA[password2]]>
              </value>
            </param>
            <param index="2">
              <value>
                <![CDATA[Unrestricted User]]>
              </value>
            </param>
          </params>
          <reporter-output>
          </reporter-output>
        </test-method> <!-- Trial1 -->
        <test-method is-config="true" signature="terminate()[pri:0, instance:Group1.Artifact1.HomePage@57f791c6]" started-at="2021-08-23T16:32:20Z" name="terminate" finished-at="2021-08-23T16:32:21Z" duration-ms="730" status="PASS">
          <reporter-output>
          </reporter-output>
        </test-method> <!-- terminate -->
      </class> <!-- Group1.Artifact1.HomePage -->
    </test> <!-- Test1 -->
    <test started-at="2021-08-23T16:32:21Z" name="Test2" finished-at="2021-08-23T16:32:21Z" duration-ms="0">
    </test> <!-- Test2 -->
  </suite> <!-- Suite -->
</testng-results>
