<?xml version="1.0" encoding="UTF-8"?>
<testng-results ignored="0" total="3" passed="3" failed="0" skipped="0">
  <reporter-output>
  </reporter-output>
  <suite started-at="2021-08-23T21:45:17 IST" name="Suite" finished-at="2021-08-23T21:45:34 IST" duration-ms="16552">
    <groups>
    </groups>
    <test started-at="2021-08-23T21:45:17 IST" name="Test" finished-at="2021-08-23T21:45:25 IST" duration-ms="7588">
      <class name="Group1.Artifact1.Validation">
        <test-method is-config="true" signature="initialise()[pri:0, instance:Group1.Artifact1.Validation@3234f74e]" started-at="2021-08-23T21:45:17 IST" name="initialise" finished-at="2021-08-23T21:45:21 IST" duration-ms="3330" status="PASS">
          <reporter-output>
          </reporter-output>
        </test-method> <!-- initialise -->
        <test-method signature="Trial2()[pri:0, instance:Group1.Artifact1.Validation@3234f74e]" started-at="2021-08-23T21:45:21 IST" name="Trial2" finished-at="2021-08-23T21:45:24 IST" duration-ms="3395" status="PASS">
          <reporter-output>
          </reporter-output>
        </test-method> <!-- Trial2 -->
        <test-method is-config="true" signature="terminate()[pri:0, instance:Group1.Artifact1.Validation@3234f74e]" started-at="2021-08-23T21:45:24 IST" name="terminate" finished-at="2021-08-23T21:45:25 IST" duration-ms="821" status="PASS">
          <reporter-output>
          </reporter-output>
        </test-method> <!-- terminate -->
      </class> <!-- Group1.Artifact1.Validation -->
    </test> <!-- Test -->
    <test started-at="2021-08-23T21:45:25 IST" name="Test1" finished-at="2021-08-23T21:45:34 IST" duration-ms="8893">
      <class name="Group1.Artifact1.HomePage">
        <test-method is-config="true" signature="initialise()[pri:0, instance:Group1.Artifact1.HomePage@6ca0256d]" started-at="2021-08-23T21:45:25 IST" name="initialise" finished-at="2021-08-23T21:45:26 IST" duration-ms="1483" status="PASS">
          <reporter-output>
          </reporter-output>
        </test-method> <!-- initialise -->
        <test-method signature="Trial1(java.lang.String,java.lang.String,java.lang.String)[pri:0, instance:Group1.Artifact1.HomePage@6ca0256d]" started-at="2021-08-23T21:45:26 IST" name="Trial1" data-provider="getData" finished-at="2021-08-23T21:45:31 IST" duration-ms="4646" status="PASS">
          <params>
            <param index="0">
              <value>
                <![CDATA[email1@qw.com]]>
              </value>
            </param>
            <param index="1">
              <value>
                <![CDATA[password1]]>
              </value>
            </param>
            <param index="2">
              <value>
                <![CDATA[Restricted User]]>
              </value>
            </param>
          </params>
          <reporter-output>
          </reporter-output>
        </test-method> <!-- Trial1 -->
        <test-method signature="Trial1(java.lang.String,java.lang.String,java.lang.String)[pri:0, instance:Group1.Artifact1.HomePage@6ca0256d]" started-at="2021-08-23T21:45:31 IST" name="Trial1" data-provider="getData" finished-at="2021-08-23T21:45:33 IST" duration-ms="2043" status="PASS">
          <params>
            <param index="0">
              <value>
                <![CDATA[email2@qww.com]]>
              </value>
            </param>
            <param index="1">
              <value>
                <![CDATA[password2]]>
              </value>
            </param>
            <param index="2">
              <value>
                <![CDATA[Unrestricted User]]>
              </value>
            </param>
          </params>
          <reporter-output>
          </reporter-output>
        </test-method> <!-- Trial1 -->
        <test-method is-config="true" signature="terminate()[pri:0, instance:Group1.Artifact1.HomePage@6ca0256d]" started-at="2021-08-23T21:45:33 IST" name="terminate" finished-at="2021-08-23T21:45:34 IST" duration-ms="708" status="PASS">
          <reporter-output>
          </reporter-output>
        </test-method> <!-- terminate -->
      </class> <!-- Group1.Artifact1.HomePage -->
    </test> <!-- Test1 -->
    <test started-at="2021-08-23T21:45:34 IST" name="Test2" finished-at="2021-08-23T21:45:34 IST" duration-ms="3">
    </test> <!-- Test2 -->
  </suite> <!-- Suite -->
</testng-results>
